<?xml version="1.0" encoding="UTF-8"?>
<testsuite name="cringe.lab3.PointTest" tests="1" skipped="0" failures="0" errors="0" timestamp="2025-08-07T13:47:02.824Z" hostname="MacBook-Air-r.local" time="0.013">
  <properties/>
  <testcase name="checkCondition()" classname="cringe.lab3.PointTest" time="0.013"/>
  <system-out><![CDATA[
=== Инициализация AreaChecker ===
Тестируемые точки:
p1: cringe.lab3.entity.Point@5b7a7f33 (ожидается: не попадает в область)
p2: cringe.lab3.entity.Point@2dfaea86 (ожидается: попадает в область)
p3: cringe.lab3.entity.Point@15888343 (ожидается: попадает в область)

Запуск AreaChecker...

Результаты:
p1: корректно не попала в область
p2: корректно попала в область
p3: корректно попала в область

Тест пройден успешно!
]]></system-out>
  <system-err><![CDATA[]]></system-err>
</testsuite>
